<?xml version="1.0" encoding="UTF-8"?>
<!-- Generated by org.testng.reporters.JUnitXMLReporter -->
<testsuite hostname="DESKTOP-1SG68K1" ignored="0" name="Settings example" tests="1" failures="0" timestamp="2020-09-19T12:35:49 IST" time="0.093" errors="0">
  <testcase name="@BeforeClass launchApplication" time="0.0" classname="com.edu.techfantasy.appiumExample.base.BaseScript">
    <failure type="java.lang.NullPointerException">
      <![CDATA[java.lang.NullPointerException
at com.edu.techfantasy.appiumExample.base.BaseScript.launchApplication(BaseScript.java:43)
at java.util.ArrayList.forEach(ArrayList.java:1249)
... Removed 25 stack frames]]>
    </failure>
  </testcase> <!-- @BeforeClass launchApplication -->
  <testcase name="settingTestOnData" time="0.0" classname="com.edu.techfantasy.appiumExample.SettingsTest">
    <skipped/>
  </testcase> <!-- settingTestOnData -->
</testsuite> <!-- Settings example -->
